2021-03-10 14:48:42,842 [main] INFO MRP -  Clicked on Applications Menu
2021-03-10 14:48:45,018 [main] INFO MRP -  Clicked on Add New Application
2021-03-10 14:48:46,848 [main] INFO MRP - selected  Prefix as Mr.
2021-03-10 14:48:47,464 [main] INFO MRP - Entered  Last Name as Gates
2021-03-10 14:48:48,044 [main] INFO MRP - Entered  First Name as Bill
2021-03-10 14:48:48,632 [main] INFO MRP - Entered  Middle Name as Mick
2021-03-10 14:48:49,494 [main] INFO MRP - selected  Suffix Value as Sr
2021-03-10 14:48:50,308 [main] INFO MRP - selected  Gender Value as Male
2021-03-10 14:48:50,911 [main] INFO MRP - Entered  Date pf Birth as 07/29/1990
2021-03-10 14:48:51,538 [main] INFO MRP - Entered   Entered SSN number as 231465879
2021-03-10 14:48:52,155 [main] INFO MRP - Entered  HICN/MBI NO as 231465879B
2021-03-10 14:48:52,945 [main] INFO MRP - selected  Martial Status as Married
2021-03-10 14:48:53,582 [main] INFO MRP -  Clicked on Yes
2021-03-10 14:48:54,200 [main] INFO MRP -  Clicked on No
2021-03-10 14:48:54,787 [main] INFO MRP -  Clicked on Don't Know
2021-03-10 14:48:55,409 [main] INFO MRP -  Clicked on Yes
2021-03-10 14:48:56,033 [main] INFO MRP - Entered  Spouse Prefix as Dr.
2021-03-10 14:48:56,701 [main] INFO MRP - Entered  Spouse LastName as Melinda
2021-03-10 14:48:57,351 [main] INFO MRP - Entered  Spouse FirstName as Gates
2021-03-10 14:48:57,998 [main] INFO MRP - Entered  Spouse MiddleName as Mick
2021-03-10 14:48:58,843 [main] INFO MRP - selected  Spouse Suffix as Ph.D
2021-03-10 14:48:59,516 [main] INFO MRP - Entered  Spouse DateOfBirth as 05/25/1990
2021-03-10 14:49:00,156 [main] INFO MRP - Entered  Spouse Email as rajasekhar.rct@gmail.com
2021-03-10 14:49:00,805 [main] INFO MRP - Entered  Spouse HomePhone as (188) 888-8888
2021-03-10 14:49:01,459 [main] INFO MRP - Entered  Spouse WorkPhone as (188) 888-8888
2021-03-10 14:49:02,086 [main] INFO MRP - Entered  Spouse Cell Phone as (188) 888-8888
2021-03-10 14:49:02,680 [main] INFO MRP - Entered  Address as NewYork
2021-03-10 14:49:03,287 [main] INFO MRP - Entered  City as Brookview
2021-03-10 14:49:04,054 [main] INFO MRP - selected  State as Maryland
2021-03-10 14:49:05,074 [main] INFO MRP - selected  County as Dorchester County
2021-03-10 14:49:05,689 [main] INFO MRP - Entered  Zip Code as 29437
2021-03-10 14:49:06,294 [main] INFO MRP -  Clicked on State of Maryland retiree
2021-03-10 14:49:06,914 [main] INFO MRP -  Clicked on Yes
2021-03-10 14:49:09,487 [main] INFO MRP - Entered  Email id as rmaddigalla@issi-software.com
2021-03-10 14:49:10,116 [main] INFO MRP - Entered  Home Phone number as (188) 888-8888
2021-03-10 14:49:10,759 [main] INFO MRP - Entered  Work phone number as (188) 888-8888
2021-03-10 14:49:11,385 [main] INFO MRP - Entered  Mobile phone number as (188) 888-8888
2021-03-10 14:49:13,003 [main] INFO MRP -  Clicked on Medicare coverage is Yes
2021-03-10 14:49:15,444 [main] INFO MRP -  Clicked on Next button in Personal info tab
2021-03-10 14:49:18,073 [main] INFO MRP -  Clicked on 3
2021-03-10 14:49:18,681 [main] INFO MRP -  Clicked on YES
2021-03-10 14:49:19,290 [main] INFO MRP -  Clicked on NO
2021-03-10 14:49:19,886 [main] INFO MRP -  Clicked on NO
2021-03-10 14:49:20,487 [main] INFO MRP -  Clicked on Approved
2021-03-10 14:49:21,079 [main] INFO MRP -  Clicked on NO
2021-03-10 14:49:22,174 [main] INFO MRP -  Clicked on NO
2021-03-10 14:49:22,772 [main] INFO MRP - Entered  Bank Investments as 1234$
2021-03-10 14:49:23,609 [main] INFO MRP - Entered  Stock and other Investments as 1234$
2021-03-10 14:49:24,479 [main] INFO MRP - Entered  cash information as 1234$
2021-03-10 14:49:25,323 [main] INFO MRP -  Clicked on NO
2021-03-10 14:49:25,912 [main] INFO MRP -  Clicked on NO
2021-03-10 14:49:26,520 [main] INFO MRP -  Clicked on YES
2021-03-10 14:49:27,124 [main] INFO MRP -  Clicked on YES
2021-03-10 14:49:27,730 [main] INFO MRP - Entered  Monthly income from Social security as 1234$
2021-03-10 14:49:28,570 [main] INFO MRP - Entered  Monthly income from RailRoad Retirement as 5421$
2021-03-10 14:49:29,428 [main] INFO MRP - Entered  Monthly income from Veterna as 1234$
2021-03-10 14:49:30,277 [main] INFO MRP - Entered  Monthly income from other pensions as 7689$
2021-03-10 14:49:31,112 [main] INFO MRP - Entered  Monthly income from not listed as 1234$
2021-03-10 14:49:31,957 [main] INFO MRP -  Clicked on NO
2021-03-10 14:49:32,545 [main] INFO MRP -  Clicked on YES
2021-03-10 14:49:33,157 [main] INFO MRP -  Clicked on YES
2021-03-10 14:49:33,760 [main] INFO MRP - Entered  Spouse SSN as 123456789
2021-03-10 14:49:34,618 [main] INFO MRP - Entered  Applicant Wages as 1234$
2021-03-10 14:49:35,460 [main] INFO MRP - Entered  Spouse Wages as 1234$
2021-03-10 14:49:36,317 [main] INFO MRP - Entered  Applicant net earning as 52500$
2021-03-10 14:49:37,145 [main] INFO MRP - Entered  Spoouse net earning as 50000$
2021-03-10 14:49:38,001 [main] INFO MRP -  Clicked on YES
2021-03-10 14:49:38,633 [main] INFO MRP - Entered  Applicant Last working month and year as MM/YYYY
2021-03-10 14:49:39,470 [main] INFO MRP - Entered  Spouse Last working month and year as MM/YYYY
2021-03-10 14:49:40,339 [main] INFO MRP -  Clicked on NO
2021-03-10 14:49:40,949 [main] INFO MRP -  Clicked on NO
2021-03-10 14:49:42,141 [main] INFO MRP -  Clicked on Next Button in Application Questions
2021-03-10 14:49:43,270 [main] INFO MRP -  Clicked on Adding Representative as Yes
2021-03-10 14:49:43,879 [main] INFO MRP -  Clicked on Add New Representative
2021-03-10 14:49:44,658 [main] INFO MRP - selected  Representative prefix as Mr.
2021-03-10 14:49:45,260 [main] INFO MRP - Entered  Representative FirstName as Maddigalla
2021-03-10 14:49:45,861 [main] INFO MRP - Entered  Representative MiddleName as Gates
2021-03-10 14:49:46,450 [main] INFO MRP - Entered  Representative LastName as Rajasekhar
2021-03-10 14:49:47,346 [main] INFO MRP - selected  Representative suffix as Jr
2021-03-10 14:49:47,964 [main] INFO MRP - Entered  Representative SSN as 123456789
2021-03-10 14:49:48,958 [main] INFO MRP - selected  Representative relation with appicant as Child
2021-03-10 14:49:49,771 [main] INFO MRP - selected  Representative correspondence as SSI 11=MBD 3rd Party (partial dual)
2021-03-10 14:49:50,403 [main] INFO MRP -  Clicked on Auth To Persons Other Than Myself
2021-03-10 14:49:51,011 [main] INFO MRP -  Clicked on Auth To Report My Address
2021-03-10 14:49:51,614 [main] INFO MRP -  Clicked on Auth To Discuss Paments And Premiums
2021-03-10 14:49:52,212 [main] INFO MRP - Entered  Representative cell number as (188) 888-8888
2021-03-10 14:49:52,809 [main] INFO MRP - Entered  Representative work number as (188) 888-8888
2021-03-10 14:49:53,398 [main] INFO MRP - Entered  Representative Phone extension number as 12345
2021-03-10 14:49:54,008 [main] INFO MRP - Entered  Representative Home phone number as (188) 888-8888
2021-03-10 14:49:54,615 [main] INFO MRP - Entered  Representative fax number as (188) 888-8888
2021-03-10 14:49:55,259 [main] INFO MRP - Entered  Representative Email id as rmaddigalla@issi-software.com
2021-03-10 14:49:55,842 [main] INFO MRP - Entered  uploaded as C:/Users/Admin/Downloads/AuthorizedRep-Web.pdf
2021-03-10 14:49:56,475 [main] INFO MRP -  Clicked on Representative submit button
2021-03-10 14:49:59,505 [main] INFO MRP -  Clicked on Representative Next Button
2021-03-10 14:50:00,611 [main] INFO MRP -  Clicked on Add New House Hold Income
2021-03-10 14:50:02,063 [main] INFO MRP - selected  Income Type as Pension
2021-03-10 14:50:02,671 [main] INFO MRP - Entered  Applicant Income as 25000$
2021-03-10 14:50:03,279 [main] INFO MRP - Entered  Applicant Income as 20000$
2021-03-10 14:50:04,402 [main] INFO MRP - Entered  Other memeber Income as 10000$
2021-03-10 14:50:06,161 [main] INFO MRP -  Clicked on Yes
2021-03-10 14:50:06,737 [main] INFO MRP - Entered  upload proof as C:/Users/Admin/Downloads/AuthorizedRep-Web.pdf
2021-03-10 14:50:07,365 [main] INFO MRP -  Clicked on House hold Submit button
2021-03-10 14:50:13,121 [main] INFO MRP -  Clicked on Next
2021-03-10 14:50:14,291 [main] INFO MRP -  Clicked on Add new document
2021-03-10 14:50:15,631 [main] INFO MRP - selected  document type as State identification card 
2021-03-10 14:50:16,721 [main] INFO MRP - Entered  Document Name as Agreement
2021-03-10 14:50:17,308 [main] INFO MRP - Entered  added attachment as C:/Users/Admin/Downloads/AuthorizedRep-Web.pdf
2021-03-10 14:50:17,892 [main] INFO MRP -  Clicked on Yes
2021-03-10 14:50:18,482 [main] INFO MRP -  Clicked on Yes
2021-03-10 14:50:19,089 [main] INFO MRP - Entered  Description as This is id card
2021-03-10 14:50:19,689 [main] INFO MRP -  Clicked on Save
2021-03-10 14:50:21,627 [main] INFO MRP -  Clicked on Attachment Next Button
2021-03-10 14:50:23,795 [main] INFO MRP -  Clicked on Declaration
2021-03-10 14:50:26,283 [main] INFO MRP - captcha is : ngrAMr

2021-03-10 14:50:26,404 [main] INFO MRP - Entered  Entered Captcha as ngrAMr

2021-03-10 14:50:27,536 [main] INFO MRP - Entered  Entered applicant password  as Issi123#
2021-03-10 14:50:35,502 [main] INFO MRP -  Clicked on Final sumbit
2021-03-10 16:22:51,537 [main] INFO MRP -  Clicked on Applications Menu
2021-03-10 16:22:53,194 [main] INFO MRP - Entered  Applicant number as 78 as 78
2021-03-10 16:25:36,995 [main] INFO MRP -  Clicked on Applications Menu
2021-03-10 16:25:38,612 [main] INFO MRP - Entered  Applicant number as as 78
2021-03-10 16:28:08,686 [main] INFO MRP -  Clicked on Applications Menu
2021-03-10 16:28:10,310 [main] INFO MRP - Entered  Applicant number as 78
2021-03-10 16:30:54,570 [main] INFO MRP -  Clicked on Applications Menu
2021-03-10 16:30:56,192 [main] INFO MRP - Entered  Applicant number as 78
2021-03-10 16:30:56,798 [main] INFO MRP - 78 found in search field
2021-03-10 16:53:27,088 [main] INFO MRP -  Clicked on Applications Menu
2021-03-10 16:53:28,770 [main] INFO MRP - Entered  Applicant name as as gates
2021-03-10 16:53:29,502 [main] INFO MRP - Applicant name gates found in search filed
2021-03-10 16:54:00,384 [main] INFO MRP -  Clicked on Applications Menu
2021-03-10 16:54:02,026 [main] INFO MRP - Entered  Applicant name as as James
2021-03-10 16:54:02,600 [main] INFO MRP - Applicant name James found in search filed
2021-03-10 17:02:08,081 [main] INFO MRP - chrome was started successfully
2021-03-10 17:02:08,550 [main] INFO MRP - Entered username as Applicant 
2021-03-10 17:02:08,624 [main] INFO MRP - Entered password as Issi123# 
2021-03-10 17:02:12,770 [main] INFO MRP - clicked on login button
2021-03-10 17:02:13,794 [main] INFO MRP -  Clicked on Applications Menu
2021-03-10 17:02:16,005 [main] INFO MRP - Applicant name James found in search filed
2021-03-10 17:02:16,609 [main] INFO MRP - chrome was closed successfully
2021-03-10 17:04:44,948 [main] INFO MRP - chrome was started successfully
2021-03-10 17:04:45,426 [main] INFO MRP - Entered username as Applicant 
2021-03-10 17:04:45,497 [main] INFO MRP - Entered password as Issi123# 
2021-03-10 17:04:49,654 [main] INFO MRP - clicked on login button
2021-03-10 17:04:50,685 [main] INFO MRP -  Clicked on Applications Menu
2021-03-10 17:04:52,300 [main] INFO MRP - Entered applicant name as James in search field
2021-03-10 17:04:52,880 [main] INFO MRP - Applicant name James found in search filed
2021-03-10 17:04:53,508 [main] INFO MRP - chrome was closed successfully
